d:\compile\compile-2020\compile\x64\debug\vc142.pdb
d:\compile\compile-2020\compile\x64\debug\vc142.idb
d:\compile\compile-2020\compile\x64\debug\parser.obj
d:\compile\compile-2020\compile\x64\debug\error.obj
d:\compile\compile-2020\compile\x64\debug\getsym.obj
d:\compile\compile-2020\compile\x64\debug\main.obj
d:\compile\compile-2020\compile\x64\debug\compile.pdb
d:\compile\compile-2020\compile\x64\debug\compile.exe
d:\compile\compile-2020\compile\x64\debug\compile.tlog\cl.command.1.tlog
d:\compile\compile-2020\compile\x64\debug\compile.tlog\cl.read.1.tlog
d:\compile\compile-2020\compile\x64\debug\compile.tlog\cl.write.1.tlog
d:\compile\compile-2020\compile\x64\debug\compile.tlog\clang-cl.10540.delete.1.tlog
d:\compile\compile-2020\compile\x64\debug\compile.tlog\clang-cl.10904.delete.1.tlog
d:\compile\compile-2020\compile\x64\debug\compile.tlog\clang-cl.13048.delete.1.tlog
d:\compile\compile-2020\compile\x64\debug\compile.tlog\clang-cl.1364.delete.1.tlog
d:\compile\compile-2020\compile\x64\debug\compile.tlog\clang-cl.13644.delete.1.tlog
d:\compile\compile-2020\compile\x64\debug\compile.tlog\clang-cl.15776.delete.1.tlog
d:\compile\compile-2020\compile\x64\debug\compile.tlog\clang-cl.16068.delete.1.tlog
d:\compile\compile-2020\compile\x64\debug\compile.tlog\clang-cl.16440.delete.1.tlog
d:\compile\compile-2020\compile\x64\debug\compile.tlog\clang-cl.18036.delete.1.tlog
d:\compile\compile-2020\compile\x64\debug\compile.tlog\clang-cl.18236.delete.1.tlog
d:\compile\compile-2020\compile\x64\debug\compile.tlog\clang-cl.18580.delete.1.tlog
d:\compile\compile-2020\compile\x64\debug\compile.tlog\clang-cl.19644.delete.1.tlog
d:\compile\compile-2020\compile\x64\debug\compile.tlog\clang-cl.22264.delete.1.tlog
d:\compile\compile-2020\compile\x64\debug\compile.tlog\clang-cl.22352.delete.1.tlog
d:\compile\compile-2020\compile\x64\debug\compile.tlog\clang-cl.22392.delete.1.tlog
d:\compile\compile-2020\compile\x64\debug\compile.tlog\clang-cl.2868.delete.1.tlog
d:\compile\compile-2020\compile\x64\debug\compile.tlog\clang-cl.3304.delete.1.tlog
d:\compile\compile-2020\compile\x64\debug\compile.tlog\clang-cl.5324.delete.1.tlog
d:\compile\compile-2020\compile\x64\debug\compile.tlog\clang-cl.556.delete.1.tlog
d:\compile\compile-2020\compile\x64\debug\compile.tlog\clang-cl.7492.delete.1.tlog
d:\compile\compile-2020\compile\x64\debug\compile.tlog\clang-cl.8216.delete.1.tlog
d:\compile\compile-2020\compile\x64\debug\compile.tlog\clang-cl.9304.delete.1.tlog
d:\compile\compile-2020\compile\x64\debug\compile.tlog\clang-cl.command.1.tlog
d:\compile\compile-2020\compile\x64\debug\compile.tlog\clang-cl.read.1.tlog
d:\compile\compile-2020\compile\x64\debug\compile.tlog\clang-cl.write.1.tlog
d:\compile\compile-2020\compile\x64\debug\compile.tlog\lld-link.command.1.tlog
d:\compile\compile-2020\compile\x64\debug\compile.tlog\lld-link.delete.1.tlog
d:\compile\compile-2020\compile\x64\debug\compile.tlog\lld-link.read.1.tlog
d:\compile\compile-2020\compile\x64\debug\compile.tlog\lld-link.write.1.tlog
